<?xml version="1.0" encoding="UTF-8"?>
<testsuite xmlns:xsi="http://www.w3.org/2001/XMLSchema-instance" xsi:noNamespaceSchemaLocation="https://maven.apache.org/surefire/maven-surefire-plugin/xsd/surefire-test-report.xsd" version="3.0.2" name="com.tecsup.Demo06ApplicationTests" time="13.885" tests="1" errors="0" skipped="0" failures="0" flakes="0">
  <properties>
[...]
</properties>
  <testcase name="contextLoads" classname="com.tecsup.Demo06ApplicationTests" time="0.519">
    <system-out><![CDATA[22:50:53.986 [main] INFO org.springframework.test.context.support.AnnotationConfigContextLoaderUtils -- Could not detect default configuration classes for test class [com.tecsup.Demo06ApplicationTests]: Demo06ApplicationTests does not declare any static, non-private, non-final, nested classes annotated with @Configuration.
22:50:54.145 [main] INFO org.springframework.boot.test.context.SpringBootTestContextBootstrapper -- Found @SpringBootConfiguration com.tecsup.Demo06Application for test class com.tecsup.Demo06ApplicationTests
22:50:54.290 [main] INFO org.springframework.test.context.support.AnnotationConfigContextLoaderUtils -- Could not detect default configuration classes for test class [com.tecsup.Demo06ApplicationTests]: Demo06ApplicationTests does not declare any static, non-private, non-final, nested classes annotated with @Configuration.
22:50:54.292 [main] INFO org.springframework.boot.test.context.SpringBootTestContextBootstrapper -- Found @SpringBootConfiguration com.tecsup.Demo06Application for test class com.tecsup.Demo06ApplicationTests
22:50:54.389 [main] INFO org.springframework.boot.devtools.restart.RestartApplicationListener -- Restart disabled due to context in which it is running

  .   ____          _            __ _ _
 /\\ / ___'_ __ _ _(_)_ __  __ _ \ \ \ \
( ( )\___ | '_ | '_| | '_ \/ _` | \ \ \ \
 \\/  ___)| |_)| | | | | || (_| |  ) ) ) )
  '  |____| .__|_| |_|_| |_\__, | / / / /
 =========|_|==============|___/=/_/_/_/

 :: Spring Boot ::                (v4.0.5)

2026-04-23T22:50:54.694-05:00  INFO 33480 --- [           main] com.tecsup.Demo06ApplicationTests        : Starting Demo06ApplicationTests using Java 25.0.2 with PID 33480 (started by ronyc in C:\Users\ronyc\Downloads\demo06\demo06)
2026-04-23T22:50:54.697-05:00  INFO 33480 --- [           main] com.tecsup.Demo06ApplicationTests        : No active profile set, falling back to 1 default profile: "default"
2026-04-23T22:50:55.657-05:00  INFO 33480 --- [           main] .s.d.r.c.RepositoryConfigurationDelegate : Bootstrapping Spring Data JPA repositories in DEFAULT mode.
2026-04-23T22:50:55.778-05:00  INFO 33480 --- [           main] .s.d.r.c.RepositoryConfigurationDelegate : Finished Spring Data repository scanning in 104 ms. Found 5 JPA repository interfaces.
2026-04-23T22:50:56.428-05:00  INFO 33480 --- [           main] org.hibernate.orm.jpa                    : HHH008540: Processing PersistenceUnitInfo [name: default]
2026-04-23T22:50:56.508-05:00  INFO 33480 --- [           main] org.hibernate.orm.core                   : HHH000001: Hibernate ORM core version 7.2.7.Final
2026-04-23T22:50:58.787-05:00  INFO 33480 --- [           main] o.s.o.j.p.SpringPersistenceUnitInfo      : No LoadTimeWeaver setup: ignoring JPA class transformer
2026-04-23T22:50:58.907-05:00  INFO 33480 --- [           main] com.zaxxer.hikari.HikariDataSource       : HikariPool-1 - Starting...
2026-04-23T22:50:59.299-05:00  INFO 33480 --- [           main] com.zaxxer.hikari.pool.HikariPool        : HikariPool-1 - Added connection conn0: url=jdbc:h2:mem:976ba27f-e7b2-4d0a-844e-43498a7678e3 user=SA
2026-04-23T22:50:59.302-05:00  INFO 33480 --- [           main] com.zaxxer.hikari.HikariDataSource       : HikariPool-1 - Start completed.
2026-04-23T22:50:59.412-05:00  INFO 33480 --- [           main] org.hibernate.orm.connections.pooling    : HHH10001005: Database info:
	Database JDBC URL [jdbc:h2:mem:976ba27f-e7b2-4d0a-844e-43498a7678e3]
	Database driver: H2 JDBC Driver
	Database dialect: H2Dialect
	Database version: 2.4.240
	Default catalog/schema: 976BA27F-E7B2-4D0A-844E-43498A7678E3/PUBLIC
	Autocommit mode: undefined/unknown
	Isolation level: READ_COMMITTED [default READ_COMMITTED]
	JDBC fetch size: 100
	Pool: DataSourceConnectionProvider
	Minimum pool size: undefined/unknown
	Maximum pool size: undefined/unknown
2026-04-23T22:51:02.542-05:00  INFO 33480 --- [           main] org.hibernate.orm.core                   : HHH000489: No JTA platform available (set 'hibernate.transaction.jta.platform' to enable JTA platform integration)
Hibernate: create table curso (id bigint generated by default as identity, creditos integer not null, nombre varchar(255), primary key (id))
Hibernate: create table estudiante (id bigint generated by default as identity, email varchar(255), nombre varchar(255), primary key (id))
Hibernate: create table estudiante_curso (estudiante_id bigint not null, curso_id bigint not null, primary key (estudiante_id, curso_id))
Hibernate: create table perfil (id bigint generated by default as identity, direccion varchar(255), nombre_completo varchar(255), telefono varchar(255), primary key (id))
Hibernate: create table producto (id bigint generated by default as identity, nombre varchar(255), precio float(53) not null, stock integer not null, primary key (id))
Hibernate: create table usuario (id bigint generated by default as identity, password varchar(255), username varchar(255), perfil_id bigint not null, primary key (id))
Hibernate: alter table if exists usuario drop constraint if exists UK3gsqha3puu1ccw81jefi4j71t
Hibernate: alter table if exists usuario add constraint UK3gsqha3puu1ccw81jefi4j71t unique (perfil_id)
Hibernate: alter table if exists estudiante_curso add constraint FK5idasgqwt0pn1rmcpms1p8ei0 foreign key (curso_id) references curso
Hibernate: alter table if exists estudiante_curso add constraint FKg7db0mp31sgpkpxfrgm5f23v8 foreign key (estudiante_id) references estudiante
Hibernate: alter table if exists usuario add constraint FK9po12ytp6krwvwht1kmd0qgxf foreign key (perfil_id) references perfil
2026-04-23T22:51:02.711-05:00  INFO 33480 --- [           main] j.LocalContainerEntityManagerFactoryBean : Initialized JPA EntityManagerFactory for persistence unit 'default'
2026-04-23T22:51:04.421-05:00  INFO 33480 --- [           main] o.s.d.j.r.query.QueryEnhancerFactories   : Hibernate is in classpath; If applicable, HQL parser will be used.
2026-04-23T22:51:07.117-05:00  INFO 33480 --- [           main] com.tecsup.Demo06ApplicationTests        : Started Demo06ApplicationTests in 12.747 seconds (process running for 14.071)
]]></system-out>
    <system-err><![CDATA[Mockito is currently self-attaching to enable the inline-mock-maker. This will no longer work in future releases of the JDK. Please add Mockito as an agent to your build as described in Mockito's documentation: https://javadoc.io/doc/org.mockito/mockito-core/latest/org.mockito/org/mockito/Mockito.html#0.3
WARNING: A Java agent has been loaded dynamically (C:\Users\ronyc\.m2\repository\net\bytebuddy\byte-buddy-agent\1.17.8\byte-buddy-agent-1.17.8.jar)
WARNING: If a serviceability tool is in use, please run with -XX:+EnableDynamicAgentLoading to hide this warning
WARNING: If a serviceability tool is not in use, please run with -Djdk.instrument.traceUsage for more information
WARNING: Dynamic loading of agents will be disallowed by default in a future release
]]></system-err>
  </testcase>
</testsuite>